[bharatintern.live/b/i/index.html]
[bharatintern.live/styles.b58fa5dfa265f3102297.css]
[backblue.gif]
[fade.gif]
[index.html]
[bharatintern.live/static/banner-bg1-573a8cc58841d5b4cd173aed69aea83f.jpg]
[bharatintern.live/static/funfacts-bg-27ddd8cacab414b8f9cc118626ee2599.jpg]
[bharatintern.live/static/layer-2957b1126e23ba1606d0a0b417892f64.png]
[bharatintern.live/static/main-banner-6c21e0a3d89adcb9aaa8b120785bc479.jpg]
[bharatintern.live/static/blog7-97f9e205d350b574f8c5783c09a8f809.jpg]
[bharatintern.live/static/blog8-2a944083bcfdc21d3b5d59d2c92644ee.jpg]
[bharatintern.live/static/blog9-deaa52f1a8aa6d1140ec9deac510b8d4.jpg]
[bharatintern.live/static/coming-soon-fe8b29e4749cf2346451b0d1d71c8eee.jpg]
[bharatintern.live/static/oops-bg-fed7c3a4c22e0a475219fc6692799865.jpg]
[bharatintern.live/static/repair-services-img1-c308c47431e8af57e0d153aa45b52a55.jpg]
[bharatintern.live/static/repair-services-img2-0bf210338ee049db86b38dfe226e58f0.jpg]
[bharatintern.live/static/repair-services-img3-9118baafdd38d15104dfbf5f30d2ae04.jpg]
[bharatintern.live/static/repair-services-img4-09a3f299042d3b4d0102a6d7f501e2b3.jpg]
[bharatintern.live/static/repair-services-img5-66efdbe023e23ce0b53ea9d3ab76cf8a.jpg]
[bharatintern.live/static/repair-services-img6-c866dd1cf97b21ef96b37802a8b86e92.jpg]
[bharatintern.live/static/banner-bg-ab7c76e43854086c4b5c56942251d5d0.jpg]
[bharatintern.live/static/agency-gradient-bg-08ee0ed8738e600207323583d2393e37.jpg]
[bharatintern.live/static/ap-main-banner-img1-372a8134fc8574660542bb7fcb165cf3.jpg]
[bharatintern.live/static/ap-main-banner-img2-0da39aae9500ab255a3247f52d603de8.jpg]
[bharatintern.live/static/ap-main-banner-img3-924563b0930602396c1709e19cb54b49.jpg]
[bharatintern.live/static/creative-bg-c440b0f2a60e4bd27f8fa126fa8e2e21.jpg]
[code.jquery.com/jquery-3.6.0.min.js]
[bharatintern.live/b/icons/favicon2.png]
[bharatintern.live/b/webpack-runtime-e21b2383f955aa703d7e.js]
[bharatintern.live/b/framework-1962f46ddf4a3dfbd9be.js]
[bharatintern.live/b/app-14b88a8487eff8db7e86.js]
[bharatintern.live/b/0ceb88f578a0c235877c3d5fb01599991c0ad2a0-006a68b78c5f11519df4.js]
[bharatintern.live/b/8d129cc1ca202cf103839800a6359c35066f9663-374e12662abc795272cd.js]
[bharatintern.live/b/0c35ba44a63a8c0fbf74d5da3cc1dd8f478295c6-b0eb17200187972739eb.js]
[bharatintern.live/b/445c9793aa992c1700088119aa471f74c688faa6-d8599db99ef08796c5a9.js]
[bharatintern.live/b/5bb8682e1b8c321fd9dbb19511f33638894d80c7-8d5f74768fbd2f6c625a.js]
[bharatintern.live/b/7d60ae156e89c19f6bbfdff000aa6a2e24d78215-3ce4bed55beaa12dafe8.js]
[bharatintern.live/b/9f7b7f7eb56a3a068ee5600707970d38960a2a6b-05099e6a17b06ea0f468.js]
[bharatintern.live/b/2ec850c47d06b2768946e92b6bb4f92103d20a6c-bb66117f71894d0fd921.js]
[bharatintern.live/b/2b94106e6dfb891a03264b01c95acd513054fea2-f224161535f33fd56d12.js]
[bharatintern.live/b/13b0692a3cba8755f1e40d8df0173f59d306074b-91bac9bb92a8da3a5709.js]
[bharatintern.live/b/25b25725314fb305cad4139d687c36968b35883a-0cf348383d36945b242e.js]
[bharatintern.live/b/component---src-pages-it-startup-js-de998cf75b1fe7e855f6.js]
[bharatintern.live/b/icons/logoNoBg.png]
[bharatintern.live/b/static/man-0c927cbbb557d9239018a5fad977746e.png]
[bharatintern.live/b/static/carpet-d5693d37c04a91336670e5fdb5088679.png]
[bharatintern.live/b/static/dekstop-67bf13c181b3f96a081d933770c3ac25.png]
[bharatintern.live/b/static/flower-top-big-e520a110fbcffbb546a2700adb47fc78.png]
[bharatintern.live/b/static/table-4bba1c7383cc72bfee52ac4596195ba5.png]
[bharatintern.live/b/static/main-pic-68043f7e0b9a77d65db913dd43a9da06.png]
[bharatintern.live/b/static/box-20b101975952d55aa19929b58e0ed8c0.png]
[bharatintern.live/b/static/cloud-cfe99dc94c2124094bf6928fcfb174d5.png]
[bharatintern.live/b/static/cercle-shape-f14ae2238864a33e83e988e6d7e6235d.png]
[bharatintern.live/b/static/service-right-main-pic-602fe3ef2a065ca3d4210fc0085b79bd.png]
[bharatintern.live/b/static/big-monitor-236b6dcb3bf905aab247f6a6157c8018.png]
[bharatintern.live/b/static/developer-6b8523f5349c3381513bde94f2773c0e.png]
[bharatintern.live/b/static/service-left-main-pic-ac969d4475c0c5d184cf467d3321d7a2.png]
[bharatintern.live/b/static/map-3f6e1ddb342185a26c476daa59c3a805.png]
[bharatintern.live/cdn-cgi/scripts/5c5dd728/cloudflare-static/email-decode.min.js]
[bharatintern.live/b/cdn-cgi/scripts/5c5dd728/cloudflare-static/email-decode.min.js]
[code.jquery.com/jquery-3.5.1.slim.min.js]
[cdn.jsdelivr.net/npm/@popperjs/core@2.9.1/dist/umd/popper.min.js]
[stackpath.bootstrapcdn.com/bootstrap/4.5.2/js/bootstrap.min.js]
[bharatintern.live/b/i/index.html]
[bharatintern.live/styles.b58fa5dfa265f3102297.html]
[bharatintern.live/static/banner-bg1-573a8cc58841d5b4cd173aed69aea83f.html]
[bharatintern.live/static/funfacts-bg-27ddd8cacab414b8f9cc118626ee2599.html]
[bharatintern.live/static/layer-2957b1126e23ba1606d0a0b417892f64.html]
[bharatintern.live/static/main-banner-6c21e0a3d89adcb9aaa8b120785bc479.html]
[bharatintern.live/static/blog7-97f9e205d350b574f8c5783c09a8f809.html]
[bharatintern.live/static/blog8-2a944083bcfdc21d3b5d59d2c92644ee.html]
[bharatintern.live/static/blog9-deaa52f1a8aa6d1140ec9deac510b8d4.html]
[bharatintern.live/static/coming-soon-fe8b29e4749cf2346451b0d1d71c8eee.html]
[bharatintern.live/static/oops-bg-fed7c3a4c22e0a475219fc6692799865.html]
[bharatintern.live/static/repair-services-img1-c308c47431e8af57e0d153aa45b52a55.html]
[bharatintern.live/static/repair-services-img2-0bf210338ee049db86b38dfe226e58f0.html]
[bharatintern.live/static/repair-services-img3-9118baafdd38d15104dfbf5f30d2ae04.html]
[bharatintern.live/static/repair-services-img4-09a3f299042d3b4d0102a6d7f501e2b3.html]
[bharatintern.live/static/repair-services-img5-66efdbe023e23ce0b53ea9d3ab76cf8a.html]
[bharatintern.live/static/repair-services-img6-c866dd1cf97b21ef96b37802a8b86e92.html]
[bharatintern.live/static/banner-bg-ab7c76e43854086c4b5c56942251d5d0.html]
[bharatintern.live/static/agency-gradient-bg-08ee0ed8738e600207323583d2393e37.html]
[bharatintern.live/static/ap-main-banner-img1-372a8134fc8574660542bb7fcb165cf3.html]
[bharatintern.live/static/ap-main-banner-img2-0da39aae9500ab255a3247f52d603de8.html]
[bharatintern.live/static/ap-main-banner-img3-924563b0930602396c1709e19cb54b49.html]
[bharatintern.live/static/creative-bg-c440b0f2a60e4bd27f8fa126fa8e2e21.html]
[bharatintern.live/b/polyfill-2a74e76bf3a4aaf25439.js]
